<?xml version="1.0" encoding="UTF-8"?>
<!-- Generated by org.testng.reporters.JUnitXMLReporter -->
<testsuite hostname="INBLRL4714" name="IETest" tests="1" failures="0" timestamp="27 Mar 2017 11:36:57 GMT" time="1.825" errors="0">
  <testcase name="@BeforeTest setUp" time="0.0" classname="com.github.automation.tutorial.Misc.Practice">
    <failure type="org.openqa.selenium.remote.SessionNotFoundException" message="Unexpected error launching Internet Explorer. Protected Mode settings are not the same for all zones. Enable Protected Mode must be set to the same value (enabled or disabled) for all zones. (WARNING: The server did not provide any stacktrace information)
Command duration or timeout: 1.63 seconds
Build info: version: &amp;apos;2.53.0&amp;apos;, revision: &amp;apos;35ae25b&amp;apos;, time: &amp;apos;2016-03-15 16:57:40&amp;apos;
System info: host: &amp;apos;INBLRL4714&amp;apos;, ip: &amp;apos;10.154.40.162&amp;apos;, os.name: &amp;apos;Windows 7&amp;apos;, os.arch: &amp;apos;x86&amp;apos;, os.version: &amp;apos;6.1&amp;apos;, java.version: &amp;apos;1.8.0_101&amp;apos;
Driver info: org.openqa.selenium.ie.InternetExplorerDriver">
      <![CDATA[org.openqa.selenium.remote.SessionNotFoundException: Unexpected error launching Internet Explorer. Protected Mode settings are not the same for all zones. Enable Protected Mode must be set to the same value (enabled or disabled) for all zones. (WARNING: The server did not provide any stacktrace information)
Command duration or timeout: 1.63 seconds
Build info: version: '2.53.0', revision: '35ae25b', time: '2016-03-15 16:57:40'
System info: host: 'INBLRL4714', ip: '10.154.40.162', os.name: 'Windows 7', os.arch: 'x86', os.version: '6.1', java.version: '1.8.0_101'
Driver info: org.openqa.selenium.ie.InternetExplorerDriver
	at org.openqa.selenium.remote.ErrorHandler.createThrowable(ErrorHandler.java:206)
	at org.openqa.selenium.remote.ErrorHandler.throwIfResponseFailed(ErrorHandler.java:158)
	at org.openqa.selenium.remote.RemoteWebDriver.execute(RemoteWebDriver.java:678)
	at org.openqa.selenium.remote.RemoteWebDriver.startSession(RemoteWebDriver.java:249)
	at org.openqa.selenium.remote.RemoteWebDriver.startSession(RemoteWebDriver.java:234)
	at org.openqa.selenium.ie.InternetExplorerDriver.run(InternetExplorerDriver.java:182)
	at org.openqa.selenium.ie.InternetExplorerDriver.<init>(InternetExplorerDriver.java:174)
	at org.openqa.selenium.ie.InternetExplorerDriver.<init>(InternetExplorerDriver.java:146)
	at com.github.automation.tutorial.Misc.Practice.setUp(Practice.java:53)
	at java.util.concurrent.FutureTask.run(Unknown Source)
	at java.util.concurrent.ThreadPoolExecutor.runWorker(Unknown Source)
	at java.util.concurrent.ThreadPoolExecutor$Worker.run(Unknown Source)
	at java.lang.Thread.run(Unknown Source)
... Removed 18 stack frames]]>
    </failure>
  </testcase> <!-- @BeforeTest setUp -->
  <testcase name="@AfterTest tearDown" time="0.0" classname="com.github.automation.tutorial.Misc.Practice">
    <skipped/>
  </testcase> <!-- @AfterTest tearDown -->
  <testcase name="test" time="0.001" classname="com.github.automation.tutorial.Misc.Practice">
    <skipped/>
  </testcase> <!-- test -->
</testsuite> <!-- IETest -->
